TN:
SF:utils/calculations.ts
FN:6,calculateGrossMargin
FN:11,calculateMarginPercentage
FN:17,calculateMarginPerHectare
FN:23,calculateCostPerHectare
FN:29,calculateROI
FN:35,calculateBreakEven
FN:42,calculateYieldPerHectare
FN:48,calculateVariation
FN:54,calculateMovingAverage
FN:59,(anonymous_9)
FN:66,calculateTotal
FN:67,(anonymous_11)
FN:71,calculateAverage
FN:73,(anonymous_13)
FN:77,calculateCompoundInterest
FN:86,calculatePMT
FN:98,calculateDaysUntilDue
FN:107,calculateDaysOverdue
FN:113,calculateFunrural
FN:118,calculateAverageStock
FN:123,calculateStockTurnover
FN:129,calculateWeightedAverageCost
FN:132,(anonymous_22)
FN:135,(anonymous_23)
FN:140,calculateLinearDepreciation
FN:150,roundToTwoDecimals
FNF:26
FNH:26
FNDA:3,calculateGrossMargin
FNDA:3,calculateMarginPercentage
FNDA:2,calculateMarginPerHectare
FNDA:2,calculateCostPerHectare
FNDA:3,calculateROI
FNDA:3,calculateBreakEven
FNDA:2,calculateYieldPerHectare
FNDA:4,calculateVariation
FNDA:2,calculateMovingAverage
FNDA:9,(anonymous_9)
FNDA:2,calculateTotal
FNDA:3,(anonymous_11)
FNDA:2,calculateAverage
FNDA:3,(anonymous_13)
FNDA:1,calculateCompoundInterest
FNDA:2,calculatePMT
FNDA:4,calculateDaysUntilDue
FNDA:2,calculateDaysOverdue
FNDA:2,calculateFunrural
FNDA:1,calculateAverageStock
FNDA:2,calculateStockTurnover
FNDA:2,calculateWeightedAverageCost
FNDA:2,(anonymous_22)
FNDA:2,(anonymous_23)
FNDA:2,calculateLinearDepreciation
FNDA:6,roundToTwoDecimals
DA:6,1
DA:7,3
DA:11,1
DA:12,3
DA:13,2
DA:17,1
DA:18,2
DA:19,1
DA:23,1
DA:24,2
DA:25,1
DA:29,1
DA:30,3
DA:31,2
DA:35,1
DA:36,3
DA:37,3
DA:38,1
DA:42,1
DA:43,2
DA:44,1
DA:48,1
DA:49,4
DA:50,2
DA:54,1
DA:55,2
DA:57,1
DA:58,1
DA:59,9
DA:60,3
DA:62,1
DA:66,1
DA:67,3
DA:71,1
DA:72,2
DA:73,3
DA:77,1
DA:82,1
DA:86,1
DA:91,2
DA:92,1
DA:93,1
DA:98,1
DA:99,4
DA:100,4
DA:101,4
DA:102,4
DA:103,4
DA:107,1
DA:108,2
DA:109,2
DA:113,1
DA:114,2
DA:118,1
DA:119,1
DA:123,1
DA:124,2
DA:125,1
DA:129,1
DA:132,2
DA:133,2
DA:135,2
DA:136,1
DA:140,1
DA:145,2
DA:146,1
DA:150,1
DA:151,6
LF:68
LH:68
BRDA:12,0,0,1
BRDA:12,0,1,2
BRDA:18,1,0,1
BRDA:18,1,1,1
BRDA:24,2,0,1
BRDA:24,2,1,1
BRDA:30,3,0,1
BRDA:30,3,1,2
BRDA:37,4,0,2
BRDA:37,4,1,1
BRDA:43,5,0,1
BRDA:43,5,1,1
BRDA:49,6,0,2
BRDA:49,6,1,2
BRDA:49,7,0,1
BRDA:49,7,1,1
BRDA:55,8,0,1
BRDA:55,8,1,1
BRDA:72,9,0,1
BRDA:72,9,1,1
BRDA:91,10,0,1
BRDA:91,10,1,1
BRDA:99,11,0,0
BRDA:99,11,1,4
BRDA:109,12,0,1
BRDA:109,12,1,1
BRDA:113,13,0,1
BRDA:124,14,0,1
BRDA:124,14,1,1
BRDA:133,15,0,1
BRDA:133,15,1,1
BRDA:145,16,0,1
BRDA:145,16,1,1
BRF:33
BRH:32
end_of_record
TN:
SF:utils/formatters.ts
FN:6,formatCurrency
FN:14,formatCurrencyNumber
FN:22,formatCompactCurrency
FN:33,formatCPF
FN:40,formatCNPJ
FN:47,formatCPFCNPJ
FN:54,formatPhone
FN:66,formatCEP
FN:73,formatDateBR
FN:80,formatDateTimeBR
FN:90,formatRelativeDate
FN:105,formatArea
FN:110,formatWeight
FN:122,formatPercentage
FN:127,formatNumber
FN:135,formatNFeAccessKey
FN:141,parseCurrency
FN:147,capitalize
FN:152,truncate
FN:158,pluralize
FNF:20
FNH:20
FNDA:4,formatCurrency
FNDA:2,formatCurrencyNumber
FNDA:5,formatCompactCurrency
FNDA:3,formatCPF
FNDA:3,formatCNPJ
FNDA:2,formatCPFCNPJ
FNDA:2,formatPhone
FNDA:2,formatCEP
FNDA:3,formatDateBR
FNDA:1,formatDateTimeBR
FNDA:3,formatRelativeDate
FNDA:2,formatArea
FNDA:3,formatWeight
FNDA:2,formatPercentage
FNDA:2,formatNumber
FNDA:1,formatNFeAccessKey
FNDA:3,parseCurrency
FNDA:2,capitalize
FNDA:2,truncate
FNDA:3,pluralize
DA:6,1
DA:7,4
DA:14,1
DA:15,2
DA:22,1
DA:23,5
DA:24,2
DA:26,3
DA:27,2
DA:29,1
DA:33,1
DA:34,3
DA:35,3
DA:36,2
DA:40,1
DA:41,3
DA:42,3
DA:43,2
DA:47,1
DA:48,2
DA:49,2
DA:50,1
DA:54,1
DA:55,2
DA:56,2
DA:57,1
DA:59,1
DA:60,1
DA:62,0
DA:66,1
DA:67,2
DA:68,2
DA:69,1
DA:73,1
DA:74,3
DA:75,3
DA:76,2
DA:80,1
DA:81,1
DA:82,1
DA:83,1
DA:90,1
DA:91,3
DA:92,3
DA:93,3
DA:94,3
DA:96,3
DA:97,2
DA:98,1
DA:99,0
DA:100,0
DA:101,0
DA:105,1
DA:106,2
DA:110,1
DA:111,3
DA:113,1
DA:115,1
DA:117,1
DA:122,1
DA:123,2
DA:127,1
DA:128,2
DA:135,1
DA:136,1
DA:137,1
DA:141,1
DA:142,3
DA:143,3
DA:147,1
DA:148,2
DA:152,1
DA:153,2
DA:154,1
DA:158,1
DA:159,3
LF:76
LH:72
BRDA:23,0,0,2
BRDA:23,0,1,3
BRDA:26,1,0,2
BRDA:26,1,1,1
BRDA:35,2,0,1
BRDA:35,2,1,2
BRDA:42,3,0,1
BRDA:42,3,1,2
BRDA:49,4,0,1
BRDA:49,4,1,1
BRDA:56,5,0,1
BRDA:56,5,1,1
BRDA:59,6,0,1
BRDA:59,6,1,0
BRDA:68,7,0,1
BRDA:68,7,1,1
BRDA:74,8,0,2
BRDA:74,8,1,1
BRDA:75,9,0,1
BRDA:75,9,1,2
BRDA:81,10,0,0
BRDA:81,10,1,1
BRDA:82,11,0,0
BRDA:82,11,1,1
BRDA:91,12,0,0
BRDA:91,12,1,3
BRDA:96,13,0,1
BRDA:96,13,1,2
BRDA:97,14,0,1
BRDA:97,14,1,1
BRDA:98,15,0,1
BRDA:98,15,1,0
BRDA:99,16,0,0
BRDA:99,16,1,0
BRDA:100,17,0,0
BRDA:100,17,1,0
BRDA:110,18,0,1
BRDA:111,19,0,1
BRDA:111,19,1,1
BRDA:111,19,2,1
BRDA:122,20,0,1
BRDA:127,21,0,1
BRDA:143,22,0,3
BRDA:143,22,1,1
BRDA:153,23,0,1
BRDA:153,23,1,1
BRDA:159,24,0,1
BRDA:159,24,1,2
BRF:48
BRH:39
end_of_record
TN:
SF:utils/validators.ts
FN:6,validateCPF
FN:34,validateCNPJ
FN:64,validateCPFCNPJ
FN:72,validateEmail
FN:78,validatePhone
FN:84,validateCurrency
FN:91,validateDate
FN:97,isFutureDate
FN:104,isPastDate
FN:111,validateArea
FN:116,validateStockQuantity
FN:121,validateNFeAccessKey
FN:127,validateRequired
FN:135,validateMinLength
FN:140,validateMaxLength
FN:145,validateRange
FNF:16
FNH:16
FNDA:9,validateCPF
FNDA:7,validateCNPJ
FNDA:3,validateCPFCNPJ
FNDA:7,validateEmail
FNDA:6,validatePhone
FNDA:6,validateCurrency
FNDA:9,validateDate
FNDA:2,isFutureDate
FNDA:2,isPastDate
FNDA:6,validateArea
FNDA:3,validateStockQuantity
FNDA:3,validateNFeAccessKey
FNDA:9,validateRequired
FNDA:3,validateMinLength
FNDA:3,validateMaxLength
FNDA:5,validateRange
DA:6,1
DA:7,9
DA:9,9
DA:10,5
DA:13,4
DA:14,4
DA:15,36
DA:17,4
DA:18,4
DA:19,4
DA:22,4
DA:23,4
DA:24,40
DA:26,4
DA:27,4
DA:28,4
DA:30,3
DA:34,1
DA:35,7
DA:37,7
DA:38,5
DA:41,4
DA:42,4
DA:43,4
DA:44,48
DA:46,4
DA:47,4
DA:48,4
DA:51,3
DA:52,3
DA:53,3
DA:54,39
DA:56,3
DA:57,3
DA:58,3
DA:60,3
DA:64,1
DA:65,3
DA:66,3
DA:67,2
DA:68,1
DA:72,1
DA:73,7
DA:74,7
DA:78,1
DA:79,6
DA:80,6
DA:84,1
DA:85,6
DA:86,1
DA:87,1
DA:91,1
DA:92,9
DA:93,9
DA:97,1
DA:98,2
DA:99,2
DA:100,2
DA:104,1
DA:105,2
DA:106,2
DA:107,2
DA:111,1
DA:112,6
DA:116,1
DA:117,3
DA:121,1
DA:122,3
DA:123,3
DA:127,1
DA:128,9
DA:129,7
DA:130,4
DA:131,2
DA:135,1
DA:136,3
DA:140,1
DA:141,3
DA:145,1
DA:146,5
LF:80
LH:80
BRDA:9,0,0,4
BRDA:9,0,1,5
BRDA:10,1,0,1
BRDA:10,1,1,4
BRDA:18,2,0,1
BRDA:18,2,1,3
BRDA:18,3,0,4
BRDA:18,3,1,3
BRDA:19,4,0,0
BRDA:19,4,1,4
BRDA:27,5,0,0
BRDA:27,5,1,4
BRDA:27,6,0,4
BRDA:27,6,1,4
BRDA:28,7,0,1
BRDA:28,7,1,3
BRDA:37,8,0,2
BRDA:37,8,1,5
BRDA:38,9,0,1
BRDA:38,9,1,4
BRDA:47,10,0,0
BRDA:47,10,1,4
BRDA:48,11,0,1
BRDA:48,11,1,3
BRDA:57,12,0,0
BRDA:57,12,1,3
BRDA:58,13,0,0
BRDA:58,13,1,3
BRDA:66,14,0,1
BRDA:66,14,1,2
BRDA:67,15,0,1
BRDA:67,15,1,1
BRDA:80,16,0,6
BRDA:80,16,1,4
BRDA:85,17,0,5
BRDA:85,17,1,1
BRDA:85,18,0,5
BRDA:85,18,1,4
BRDA:87,19,0,1
BRDA:87,19,1,1
BRDA:92,20,0,2
BRDA:92,20,1,7
BRDA:93,21,0,9
BRDA:93,21,1,9
BRDA:98,22,0,0
BRDA:98,22,1,2
BRDA:99,23,0,0
BRDA:99,23,1,2
BRDA:105,24,0,0
BRDA:105,24,1,2
BRDA:106,25,0,0
BRDA:106,25,1,2
BRDA:112,26,0,6
BRDA:112,26,1,6
BRDA:112,26,2,4
BRDA:116,27,0,1
BRDA:117,28,0,3
BRDA:117,28,1,3
BRDA:117,28,2,3
BRDA:128,29,0,2
BRDA:128,29,1,7
BRDA:128,30,0,9
BRDA:128,30,1,8
BRDA:129,31,0,3
BRDA:129,31,1,4
BRDA:130,32,0,2
BRDA:130,32,1,2
BRDA:136,33,0,3
BRDA:136,33,1,3
BRDA:141,34,0,3
BRDA:141,34,1,3
BRDA:146,35,0,5
BRDA:146,35,1,5
BRDA:146,35,2,4
BRF:74
BRH:65
end_of_record
